DCooke Analyzer :: R11800534

sum	IDENT
=	ASSIGN_OP
0	INT_LIT
;	SEMICOLON
counter	IDENT
=	ASSIGN_OP
0	INT_LIT
;	SEMICOLON
do	KEY_DO
{	LEFT_CBRACE
read	KEY_READ
(	LEFT_PAREN
readnum	IDENT
)	RIGHT_PAREN
;	SEMICOLON
sum	IDENT
=	ASSIGN_OP
sum	IDENT
+	ADD_OP
readnum	IDENT
;	SEMICOLON
counter	IDENT
=	ASSIGN_OP
counter	IDENT
++	INC_OP
}	RIGHT_CBRACE
while	KEY_WHILE
(	LEFT_PAREN
readnum	IDENT
!=	NEQUAL_OP
0	INT_LIT
)	RIGHT_PAREN
;	SEMICOLON
writeaverage	IDENT
=	ASSIGN_OP
sum	IDENT
/	DIV_OP
counter	IDENT
;	SEMICOLON
write	KEY_WRITE
(	LEFT_PAREN
writeaverage	IDENT
)	RIGHT_PAREN
;	SEMICOLON
x	IDENT
=	ASSIGN_OP
counter	IDENT
;	SEMICOLON
do	KEY_DO
{	LEFT_CBRACE
q	IDENT
=	ASSIGN_OP
sum	IDENT
;	SEMICOLON
x	IDENT
=	ASSIGN_OP
(	LEFT_PAREN
(	LEFT_PAREN
sum	IDENT
*	MULT_OP
sum	IDENT
)	RIGHT_PAREN
+	ADD_OP
12	INT_LIT
-	SUB_OP
(	LEFT_PAREN
x	IDENT
++	INC_OP
/	DIV_OP
2	INT_LIT
)	RIGHT_PAREN
)	RIGHT_PAREN
}	RIGHT_CBRACE
while	KEY_WHILE
(	LEFT_PAREN
x	IDENT
>=	GEQUAL_OP
0	INT_LIT
)	RIGHT_PAREN
;	SEMICOLON
write	KEY_WRITE
(	LEFT_PAREN
x	IDENT
)	RIGHT_PAREN
Syntax Validated
