DCooke Analyzer :: R11800534

sum	IDENT
=	ASSIGN_OP
0	INT_LIT
;	SEMICOLON
counter	IDENT
=	ASSIGN_OP
0	INT_LIT
;	SEMICOLON
do	KEY_DO
{	LEFT_CBRACE
read	KEY_READ
(	LEFT_PAREN
mynum	IDENT
)	RIGHT_PAREN
;	SEMICOLON
sum	IDENT
=	ASSIGN_OP
sum	IDENT
+	ADD_OP
mynum	IDENT
;	SEMICOLON
counter	IDENT
=	ASSIGN_OP
counter	IDENT
++	INC_OP
}	RIGHT_CBRACE
while	KEY_WHILE
(	LEFT_PAREN
mynum	IDENT
!=	NEQUAL_OP
0	INT_LIT
)	RIGHT_PAREN
;	SEMICOLON
average	IDENT
=	ASSIGN_OP
sum	IDENT
/	DIV_OP
counter	IDENT
;	SEMICOLON
write	KEY_WRITE
(	LEFT_PAREN
average	IDENT
)	RIGHT_PAREN
Syntax Validated
