DCooke Analyzer :: R11800534

firstvar	IDENT
=	ASSIGN_OP
126358756	INT_LIT
;	SEMICOLON
secondvar	IDENT
=	ASSIGN_OP
65846541846	INT_LIT
;	SEMICOLON
thirdvar	IDENT
=	ASSIGN_OP
0	INT_LIT
;	SEMICOLON
read	KEY_READ
(	LEFT_PAREN
thirdvar	IDENT
)	RIGHT_PAREN
;	SEMICOLON
write	KEY_WRITE
(	LEFT_PAREN
thirdvar	IDENT
)	RIGHT_PAREN
;	SEMICOLON
do	KEY_DO
{	LEFT_CBRACE
newvar	IDENT
=	ASSIGN_OP
thirdvar	IDENT
*	MULT_OP
4	INT_LIT
/	DIV_OP
2	INT_LIT
+	ADD_OP
1	INT_LIT
-	SUB_OP
(	LEFT_PAREN
43	INT_LIT
+	ADD_OP
21	INT_LIT
/	DIV_OP
2	INT_LIT
)	RIGHT_PAREN
;	SEMICOLON
othervar	IDENT
=	ASSIGN_OP
(	LEFT_PAREN
newvar	IDENT
*	MULT_OP
3	INT_LIT
)	RIGHT_PAREN
+	ADD_OP
1	INT_LIT
;	SEMICOLON
thirdvar	IDENT
=	ASSIGN_OP
firstvar	IDENT
+	ADD_OP
1	INT_LIT
}	RIGHT_CBRACE
while	KEY_WHILE
(	LEFT_PAREN
thirdvar	IDENT
*	MULT_OP
3	INT_LIT
+	ADD_OP
6	INT_LIT
/	DIV_OP
2	INT_LIT
>	GREATER_OP
10	INT_LIT
+	ADD_OP
firstvar	IDENT
*	MULT_OP
3	INT_LIT
)	RIGHT_PAREN
;	SEMICOLON
do	KEY_DO
{	LEFT_CBRACE
do	KEY_DO
{	LEFT_CBRACE
secondvar	IDENT
=	ASSIGN_OP
firstvar	IDENT
/	DIV_OP
thirdvar	IDENT
;	SEMICOLON
writevar	IDENT
=	ASSIGN_OP
newvar	IDENT
-	SUB_OP
(	LEFT_PAREN
12	INT_LIT
+	ADD_OP
3	INT_LIT
)	RIGHT_PAREN
;	SEMICOLON
write	KEY_WRITE
(	LEFT_PAREN
writevar	IDENT
)	RIGHT_PAREN
}	RIGHT_CBRACE
while	KEY_WHILE
(	LEFT_PAREN
secondvar	IDENT
==	EQUAL_OP
firstvar	IDENT
)	RIGHT_PAREN
}	RIGHT_CBRACE
while	KEY_WHILE
(	LEFT_PAREN
firstvar	IDENT
!=	NEQUAL_OP
0	INT_LIT
)	RIGHT_PAREN
Syntax Validated
