DCooke Analyzer :: R11800534

sum	IDENT
=	ASSIGN_OP
0	INT_LIT
;	SEMICOLON
counter	IDENT
=	ASSIGN_OP
0	INT_LIT
;	SEMICOLON
do	KEY_DO
{	LEFT_CBRACE
read	KEY_READ
(	LEFT_PAREN
readnum	IDENT
)	RIGHT_PAREN
;	SEMICOLON
sum	IDENT
=	ASSIGN_OP
sum	IDENT
+	ADD_OP
readnum	IDENT
;	SEMICOLON
counter	IDENT
=	ASSIGN_OP
counter	IDENT
++	INC_OP
}	RIGHT_CBRACE
while	KEY_WHILE
(	LEFT_PAREN
readnum	IDENT
!=	NEQUAL_OP
0	INT_LIT
)	RIGHT_PAREN
;	SEMICOLON
writeaverage	IDENT
=	ASSIGN_OP
sum	IDENT
/	DIV_OP
counter	IDENT
write	KEY_WRITE
Error encounter: The next lexeme was write and the next token was KEY_WRITE
(	LEFT_PAREN
writeaverage	IDENT
)	RIGHT_PAREN
Invalid Syntax